<?xml version="1.0" encoding="UTF-8"?>
<!-- Generated by org.testng.reporters.JUnitReportReporter -->
<testsuite hostname="ADMIN-PC" failures="0" tests="1" name="Runtestclasses.sample1" time="0.088" errors="0" timestamp="2023-01-27T11:52:54 IST" skipped="0">
  <testcase classname="Runtestclasses.sample1" name="TC1" time="0.088"/>
  <system-out>
    <![CDATA[running TC1]]>
  </system-out>
</testsuite> <!-- Runtestclasses.sample1 -->
