<?xml version="1.0" encoding="UTF-8"?>
<!-- Generated by org.testng.reporters.JUnitReportReporter -->
<testsuite hostname="ADMIN-PC" failures="0" tests="3" name="TestGN___.sample3" time="0.107" errors="0" timestamp="2023-01-27T12:29:50 IST" skipped="0">
  <testcase classname="TestGN___.sample3" name="TC7" time="0.089"/>
  <system-out>
    <![CDATA[runnig TC7 method]]>
  </system-out>
  <testcase classname="TestGN___.sample3" name="TC8" time="0.010"/>
  <system-out>
    <![CDATA[runnig TC8 method]]>
  </system-out>
  <testcase classname="TestGN___.sample3" name="TC9" time="0.008"/>
  <system-out>
    <![CDATA[runnig TC9 method]]>
  </system-out>
</testsuite> <!-- TestGN___.sample3 -->
