<?xml version="1.0" encoding="UTF-8"?>
<!-- Generated by org.testng.reporters.JUnitReportReporter -->
<testsuite hostname="ADMIN-PC" failures="0" tests="1" name="testNG.testNGtestclass" time="0.119" errors="0" timestamp="2023-01-25T12:18:38 IST" skipped="0">
  <testcase classname="testNG.testNGtestclass" name="TC1" time="0.119"/>
  <system-out>
    <![CDATA[quantum academy
quantum academy
Quantumacademy]]>
  </system-out>
</testsuite> <!-- testNG.testNGtestclass -->
