<?xml version="1.0" encoding="UTF-8"?>
<!-- Generated by org.testng.reporters.JUnitReportReporter -->
<testsuite hostname="ADMIN-PC" failures="0" tests="2" name="TestGN___.TestNg_group" time="0.140" errors="0" timestamp="2023-01-31T12:17:02 IST" skipped="0">
  <testcase classname="TestGN___.TestNg_group" name="TC4" time="0.026"/>
  <system-out/>
  <testcase classname="TestGN___.TestNg_group" name="TC1" time="0.114"/>
  <system-out/>
</testsuite> <!-- TestGN___.TestNg_group -->
