<?xml version="1.0" encoding="UTF-8"?>
<!-- Generated by org.testng.reporters.JUnitReportReporter -->
<testsuite hostname="ADMIN-PC" failures="0" tests="1" name="Runtestclasses.sample2" time="0.090" errors="0" timestamp="2023-01-27T11:52:52 IST" skipped="0">
  <testcase classname="Runtestclasses.sample2" name="TC4" time="0.090"/>
  <system-out>
    <![CDATA[running TC4]]>
  </system-out>
</testsuite> <!-- Runtestclasses.sample2 -->
