<?xml version="1.0" encoding="UTF-8"?>
<!-- Generated by org.testng.reporters.JUnitReportReporter -->
<testsuite hostname="ADMIN-PC" failures="0" tests="2" name="testNG.TestNG_Annotation" time="0.146" errors="0" timestamp="2023-01-25T17:12:28 IST" skipped="0">
  <testcase classname="testNG.TestNG_Annotation" name="verifyUN" time="0.034"/>
  <system-out/>
  <testcase classname="testNG.TestNG_Annotation" name="cerifyPWD" time="0.112"/>
  <system-out/>
</testsuite> <!-- testNG.TestNG_Annotation -->
