<?xml version="1.0" encoding="UTF-8"?>
<!-- Generated by org.testng.reporters.JUnitReportReporter -->
<testsuite hostname="ADMIN-PC" failures="0" tests="1" name="TestGN___.parralel1" time="55.404" errors="0" timestamp="2023-01-27T13:43:07 IST" skipped="0">
  <testcase classname="TestGN___.parralel1" name="TC1" time="55.404"/>
  <system-out/>
</testsuite> <!-- TestGN___.parralel1 -->
