<?xml version="1.0" encoding="UTF-8"?>
<!-- Generated by org.testng.reporters.JUnitReportReporter -->
<testsuite hostname="ADMIN-PC" failures="0" tests="1" name="TestGN___.Multibrowsertesting" time="29.622" errors="0" timestamp="2023-01-31T13:22:14 IST" skipped="0">
  <testcase classname="TestGN___.Multibrowsertesting" name="TC1" time="29.622"/>
  <system-out/>
</testsuite> <!-- TestGN___.Multibrowsertesting -->
