<?xml version="1.0" encoding="UTF-8"?>
<!-- Generated by org.testng.reporters.JUnitReportReporter -->
<testsuite hostname="ADMIN-PC" failures="0" tests="1" name="TestGN___.sample2" time="0.079" errors="0" timestamp="2023-01-27T13:11:22 IST" skipped="0">
  <testcase classname="TestGN___.sample2" name="TC5" time="0.079"/>
  <system-out>
    <![CDATA[runnig TC5 method]]>
  </system-out>
</testsuite> <!-- TestGN___.sample2 -->
