<?xml version="1.0" encoding="UTF-8"?>
<!-- Generated by org.testng.reporters.JUnitReportReporter -->
<testsuite hostname="ADMIN-PC" failures="0" tests="3" name="TestGN___.sample1" time="0.070" errors="0" timestamp="2023-01-27T12:29:48 IST" skipped="0">
  <testcase classname="TestGN___.sample1" name="TC3" time="0.015"/>
  <system-out>
    <![CDATA[runnig TC3 method]]>
  </system-out>
  <testcase classname="TestGN___.sample1" name="TC2" time="0.020"/>
  <system-out>
    <![CDATA[runnig TC2 method]]>
  </system-out>
  <testcase classname="TestGN___.sample1" name="TC1" time="0.035"/>
  <system-out>
    <![CDATA[runnig TC1 method]]>
  </system-out>
</testsuite> <!-- TestGN___.sample1 -->
